# JRE version: OpenJDK Runtime Environment AdoptOpenJDK (11.0.10+9) (build 11.0.10+9)
# Java VM: OpenJDK 64-Bit Server VM AdoptOpenJDK (11.0.10+9, mixed mode, tiered, compressed oops, g1 gc, bsd-amd64)
Heap:
 garbage-first heap   total 458752K, used 308511K [0x0000000780000000, 0x0000000800000000)
  region size 1024K, 3 young (3072K), 1 survivors (1024K)
 Metaspace       used 26922K, capacity 27944K, committed 28032K, reserved 1073152K
  class space    used 3232K, capacity 3665K, committed 3712K, reserved 1048576K
GC Heap History (20 events):
Event: 54.528 GC heap before
{Heap before GC invocations=154 (full 0):
 garbage-first heap   total 458752K, used 208732K [0x0000000780000000, 0x0000000800000000)
  region size 1024K, 2 young (2048K), 1 survivors (1024K)
 Metaspace       used 26882K, capacity 27943K, committed 28032K, reserved 1073152K
  class space    used 3232K, capacity 3665K, committed 3712K, reserved 1048576K
}
Event: 54.529 GC heap after
{Heap after GC invocations=155 (full 0):
 garbage-first heap   total 458752K, used 208781K [0x0000000780000000, 0x0000000800000000)
  region size 1024K, 2 young (2048K), 2 survivors (2048K)
 Metaspace       used 26882K, capacity 27943K, committed 28032K, reserved 1073152K
  class space    used 3232K, capacity 3665K, committed 3712K, reserved 1048576K
}
Event: 54.601 GC heap before
{Heap before GC invocations=156 (full 0):
 garbage-first heap   total 458752K, used 204685K [0x0000000780000000, 0x0000000800000000)
  region size 1024K, 3 young (3072K), 2 survivors (2048K)
 Metaspace       used 26884K, capacity 27943K, committed 28032K, reserved 1073152K
  class space    used 3232K, capacity 3665K, committed 3712K, reserved 1048576K
}
Event: 54.602 GC heap after
{Heap after GC invocations=157 (full 0):
 garbage-first heap   total 458752K, used 204821K [0x0000000780000000, 0x0000000800000000)
  region size 1024K, 1 young (1024K), 1 survivors (1024K)
 Metaspace       used 26884K, capacity 27943K, committed 28032K, reserved 1073152K
  class space    used 3232K, capacity 3665K, committed 3712K, reserved 1048576K
}
Event: 54.697 GC heap before
{Heap before GC invocations=158 (full 0):
 garbage-first heap   total 458752K, used 205845K [0x0000000780000000, 0x0000000800000000)
  region size 1024K, 2 young (2048K), 1 survivors (1024K)
 Metaspace       used 26888K, capacity 27943K, committed 28032K, reserved 1073152K
  class space    used 3232K, capacity 3665K, committed 3712K, reserved 1048576K
}
Event: 54.698 GC heap after
{Heap after GC invocations=159 (full 0):
 garbage-first heap   total 458752K, used 204944K [0x0000000780000000, 0x0000000800000000)
  region size 1024K, 2 young (2048K), 2 survivors (2048K)
 Metaspace       used 26888K, capacity 27943K, committed 28032K, reserved 1073152K
  class space    used 3232K, capacity 3665K, committed 3712K, reserved 1048576K
}
Event: 54.741 GC heap before
{Heap before GC invocations=160 (full 0):
 garbage-first heap   total 458752K, used 214160K [0x0000000780000000, 0x0000000800000000)
  region size 1024K, 3 young (3072K), 2 survivors (2048K)
 Metaspace       used 26889K, capacity 27943K, committed 28032K, reserved 1073152K
  class space    used 3232K, capacity 3665K, committed 3712K, reserved 1048576K
}
Event: 54.742 GC heap after
{Heap after GC invocations=161 (full 0):
 garbage-first heap   total 458752K, used 213182K [0x0000000780000000, 0x0000000800000000)
  region size 1024K, 1 young (1024K), 1 survivors (1024K)
 Metaspace       used 26889K, capacity 27943K, committed 28032K, reserved 1073152K
  class space    used 3232K, capacity 3665K, committed 3712K, reserved 1048576K
}
Event: 54.786 GC heap before
{Heap before GC invocations=162 (full 0):
 garbage-first heap   total 458752K, used 222398K [0x0000000780000000, 0x0000000800000000)
  region size 1024K, 2 young (2048K), 1 survivors (1024K)
 Metaspace       used 26889K, capacity 27943K, committed 28032K, reserved 1073152K
  class space    used 3232K, capacity 3665K, committed 3712K, reserved 1048576K
}
Event: 54.788 GC heap after
{Heap after GC invocations=163 (full 0):
 garbage-first heap   total 458752K, used 221368K [0x0000000780000000, 0x0000000800000000)
  region size 1024K, 1 young (1024K), 1 survivors (1024K)
 Metaspace       used 26889K, capacity 27943K, committed 28032K, reserved 1073152K
  class space    used 3232K, capacity 3665K, committed 3712K, reserved 1048576K
}
Event: 54.831 GC heap before
{Heap before GC invocations=164 (full 0):
 garbage-first heap   total 458752K, used 230584K [0x0000000780000000, 0x0000000800000000)
  region size 1024K, 2 young (2048K), 1 survivors (1024K)
 Metaspace       used 26896K, capacity 27943K, committed 28032K, reserved 1073152K
  class space    used 3232K, capacity 3665K, committed 3712K, reserved 1048576K
}
Event: 54.832 GC heap after
{Heap after GC invocations=165 (full 0):
 garbage-first heap   total 458752K, used 229555K [0x0000000780000000, 0x0000000800000000)
  region size 1024K, 1 young (1024K), 1 survivors (1024K)
 Metaspace       used 26896K, capacity 27943K, committed 28032K, reserved 1073152K
  class space    used 3232K, capacity 3665K, committed 3712K, reserved 1048576K
}
Event: 54.920 GC heap before
{Heap before GC invocations=166 (full 0):
 garbage-first heap   total 458752K, used 240819K [0x0000000780000000, 0x0000000800000000)
  region size 1024K, 4 young (4096K), 1 survivors (1024K)
 Metaspace       used 26908K, capacity 27943K, committed 28032K, reserved 1073152K
  class space    used 3232K, capacity 3665K, committed 3712K, reserved 1048576K
}
Event: 54.922 GC heap after
{Heap after GC invocations=167 (full 0):
 garbage-first heap   total 458752K, used 237814K [0x0000000780000000, 0x0000000800000000)
  region size 1024K, 1 young (1024K), 1 survivors (1024K)
 Metaspace       used 26908K, capacity 27943K, committed 28032K, reserved 1073152K
  class space    used 3232K, capacity 3665K, committed 3712K, reserved 1048576K
}
Event: 54.991 GC heap before
{Heap before GC invocations=168 (full 0):
 garbage-first heap   total 458752K, used 260342K [0x0000000780000000, 0x0000000800000000)
  region size 1024K, 4 young (4096K), 1 survivors (1024K)
 Metaspace       used 26910K, capacity 27943K, committed 28032K, reserved 1073152K
  class space    used 3232K, capacity 3665K, committed 3712K, reserved 1048576K
}
Event: 54.992 GC heap after
{Heap after GC invocations=169 (full 0):
 garbage-first heap   total 458752K, used 254232K [0x0000000780000000, 0x0000000800000000)
  region size 1024K, 1 young (1024K), 1 survivors (1024K)
 Metaspace       used 26910K, capacity 27943K, committed 28032K, reserved 1073152K
  class space    used 3232K, capacity 3665K, committed 3712K, reserved 1048576K
}
Event: 55.049 GC heap before
{Heap before GC invocations=170 (full 0):
 garbage-first heap   total 458752K, used 275736K [0x0000000780000000, 0x0000000800000000)
  region size 1024K, 3 young (3072K), 1 survivors (1024K)
 Metaspace       used 26911K, capacity 27943K, committed 28032K, reserved 1073152K
  class space    used 3232K, capacity 3665K, committed 3712K, reserved 1048576K
}
Event: 55.050 GC heap after
{Heap after GC invocations=171 (full 0):
 garbage-first heap   total 458752K, used 270645K [0x0000000780000000, 0x0000000800000000)
  region size 1024K, 1 young (1024K), 1 survivors (1024K)
 Metaspace       used 26911K, capacity 27943K, committed 28032K, reserved 1073152K
  class space    used 3232K, capacity 3665K, committed 3712K, reserved 1048576K
}
Event: 55.112 GC heap before
{Heap before GC invocations=172 (full 0):
 garbage-first heap   total 458752K, used 292149K [0x0000000780000000, 0x0000000800000000)
  region size 1024K, 3 young (3072K), 1 survivors (1024K)
 Metaspace       used 26915K, capacity 27944K, committed 28032K, reserved 1073152K
  class space    used 3232K, capacity 3665K, committed 3712K, reserved 1048576K
}
Event: 55.114 GC heap after
{Heap after GC invocations=173 (full 0):
 garbage-first heap   total 458752K, used 287007K [0x0000000780000000, 0x0000000800000000)
  region size 1024K, 1 young (1024K), 1 survivors (1024K)
 Metaspace       used 26915K, capacity 27944K, committed 28032K, reserved 1073152K
  class space    used 3232K, capacity 3665K, committed 3712K, reserved 1048576K
}

