# JRE version: OpenJDK Runtime Environment AdoptOpenJDK (11.0.10+9) (build 11.0.10+9)
# Java VM: OpenJDK 64-Bit Server VM AdoptOpenJDK (11.0.10+9, mixed mode, tiered, compressed oops, g1 gc, bsd-amd64)
Heap:
 garbage-first heap   total 273408K, used 263687K [0x0000000780000000, 0x0000000800000000)
  region size 1024K, 1 young (1024K), 1 survivors (1024K)
 Metaspace       used 22202K, capacity 22997K, committed 23296K, reserved 1069056K
  class space    used 2668K, capacity 3004K, committed 3072K, reserved 1048576K
GC Heap History (20 events):
Event: 13.887 GC heap before
{Heap before GC invocations=199 (full 0):
 garbage-first heap   total 273408K, used 242269K [0x0000000780000000, 0x0000000800000000)
  region size 1024K, 51 young (52224K), 1 survivors (1024K)
 Metaspace       used 20517K, capacity 21141K, committed 21248K, reserved 1067008K
  class space    used 2452K, capacity 2726K, committed 2816K, reserved 1048576K
}
Event: 13.888 GC heap after
{Heap after GC invocations=200 (full 0):
 garbage-first heap   total 273408K, used 191071K [0x0000000780000000, 0x0000000800000000)
  region size 1024K, 1 young (1024K), 1 survivors (1024K)
 Metaspace       used 20517K, capacity 21141K, committed 21248K, reserved 1067008K
  class space    used 2452K, capacity 2726K, committed 2816K, reserved 1048576K
}
Event: 13.962 GC heap before
{Heap before GC invocations=201 (full 0):
 garbage-first heap   total 273408K, used 242271K [0x0000000780000000, 0x0000000800000000)
  region size 1024K, 51 young (52224K), 1 survivors (1024K)
 Metaspace       used 20517K, capacity 21141K, committed 21248K, reserved 1067008K
  class space    used 2452K, capacity 2726K, committed 2816K, reserved 1048576K
}
Event: 13.963 GC heap after
{Heap after GC invocations=202 (full 0):
 garbage-first heap   total 273408K, used 191090K [0x0000000780000000, 0x0000000800000000)
  region size 1024K, 1 young (1024K), 1 survivors (1024K)
 Metaspace       used 20517K, capacity 21141K, committed 21248K, reserved 1067008K
  class space    used 2452K, capacity 2726K, committed 2816K, reserved 1048576K
}
Event: 14.019 GC heap before
{Heap before GC invocations=202 (full 0):
 garbage-first heap   total 273408K, used 242290K [0x0000000780000000, 0x0000000800000000)
  region size 1024K, 51 young (52224K), 1 survivors (1024K)
 Metaspace       used 20517K, capacity 21141K, committed 21248K, reserved 1067008K
  class space    used 2452K, capacity 2726K, committed 2816K, reserved 1048576K
}
Event: 14.019 GC heap after
{Heap after GC invocations=203 (full 0):
 garbage-first heap   total 273408K, used 191068K [0x0000000780000000, 0x0000000800000000)
  region size 1024K, 1 young (1024K), 1 survivors (1024K)
 Metaspace       used 20517K, capacity 21141K, committed 21248K, reserved 1067008K
  class space    used 2452K, capacity 2726K, committed 2816K, reserved 1048576K
}
Event: 14.228 GC heap before
{Heap before GC invocations=204 (full 0):
 garbage-first heap   total 273408K, used 224860K [0x0000000780000000, 0x0000000800000000)
  region size 1024K, 35 young (35840K), 1 survivors (1024K)
 Metaspace       used 21292K, capacity 22014K, committed 22144K, reserved 1069056K
  class space    used 2569K, capacity 2870K, committed 2944K, reserved 1048576K
}
Event: 14.230 GC heap after
{Heap after GC invocations=205 (full 0):
 garbage-first heap   total 273408K, used 187184K [0x0000000780000000, 0x0000000800000000)
  region size 1024K, 1 young (1024K), 1 survivors (1024K)
 Metaspace       used 21292K, capacity 22014K, committed 22144K, reserved 1069056K
  class space    used 2569K, capacity 2870K, committed 2944K, reserved 1048576K
}
Event: 14.274 GC heap before
{Heap before GC invocations=206 (full 0):
 garbage-first heap   total 273408K, used 191280K [0x0000000780000000, 0x0000000800000000)
  region size 1024K, 3 young (3072K), 1 survivors (1024K)
 Metaspace       used 21304K, capacity 22014K, committed 22144K, reserved 1069056K
  class space    used 2569K, capacity 2870K, committed 2944K, reserved 1048576K
}
Event: 14.276 GC heap after
{Heap after GC invocations=207 (full 0):
 garbage-first heap   total 273408K, used 190374K [0x0000000780000000, 0x0000000800000000)
  region size 1024K, 1 young (1024K), 1 survivors (1024K)
 Metaspace       used 21304K, capacity 22014K, committed 22144K, reserved 1069056K
  class space    used 2569K, capacity 2870K, committed 2944K, reserved 1048576K
}
Event: 14.313 GC heap before
{Heap before GC invocations=208 (full 0):
 garbage-first heap   total 273408K, used 203686K [0x0000000780000000, 0x0000000800000000)
  region size 1024K, 3 young (3072K), 1 survivors (1024K)
 Metaspace       used 21326K, capacity 22078K, committed 22400K, reserved 1069056K
  class space    used 2571K, capacity 2870K, committed 2944K, reserved 1048576K
}
Event: 14.315 GC heap after
{Heap after GC invocations=209 (full 0):
 garbage-first heap   total 273408K, used 199520K [0x0000000780000000, 0x0000000800000000)
  region size 1024K, 1 young (1024K), 1 survivors (1024K)
 Metaspace       used 21326K, capacity 22078K, committed 22400K, reserved 1069056K
  class space    used 2571K, capacity 2870K, committed 2944K, reserved 1048576K
}
Event: 14.424 GC heap before
{Heap before GC invocations=210 (full 0):
 garbage-first heap   total 273408K, used 207712K [0x0000000780000000, 0x0000000800000000)
  region size 1024K, 5 young (5120K), 1 survivors (1024K)
 Metaspace       used 22006K, capacity 22755K, committed 23040K, reserved 1069056K
  class space    used 2643K, capacity 2989K, committed 3072K, reserved 1048576K
}
Event: 14.426 GC heap after
{Heap after GC invocations=211 (full 0):
 garbage-first heap   total 273408K, used 204112K [0x0000000780000000, 0x0000000800000000)
  region size 1024K, 1 young (1024K), 1 survivors (1024K)
 Metaspace       used 22006K, capacity 22755K, committed 23040K, reserved 1069056K
  class space    used 2643K, capacity 2989K, committed 3072K, reserved 1048576K
}
Event: 14.538 GC heap before
{Heap before GC invocations=212 (full 0):
 garbage-first heap   total 273408K, used 208208K [0x0000000780000000, 0x0000000800000000)
  region size 1024K, 4 young (4096K), 1 survivors (1024K)
 Metaspace       used 22195K, capacity 22997K, committed 23296K, reserved 1069056K
  class space    used 2668K, capacity 3004K, committed 3072K, reserved 1048576K
}
Event: 14.540 GC heap after
{Heap after GC invocations=213 (full 0):
 garbage-first heap   total 273408K, used 206246K [0x0000000780000000, 0x0000000800000000)
  region size 1024K, 1 young (1024K), 1 survivors (1024K)
 Metaspace       used 22195K, capacity 22997K, committed 23296K, reserved 1069056K
  class space    used 2668K, capacity 3004K, committed 3072K, reserved 1048576K
}
Event: 14.589 GC heap before
{Heap before GC invocations=214 (full 0):
 garbage-first heap   total 273408K, used 226726K [0x0000000780000000, 0x0000000800000000)
  region size 1024K, 2 young (2048K), 1 survivors (1024K)
 Metaspace       used 22198K, capacity 22997K, committed 23296K, reserved 1069056K
  class space    used 2668K, capacity 3004K, committed 3072K, reserved 1048576K
}
Event: 14.590 GC heap after
{Heap after GC invocations=215 (full 0):
 garbage-first heap   total 273408K, used 222667K [0x0000000780000000, 0x0000000800000000)
  region size 1024K, 1 young (1024K), 1 survivors (1024K)
 Metaspace       used 22198K, capacity 22997K, committed 23296K, reserved 1069056K
  class space    used 2668K, capacity 3004K, committed 3072K, reserved 1048576K
}
Event: 14.631 GC heap before
{Heap before GC invocations=216 (full 0):
 garbage-first heap   total 273408K, used 243147K [0x0000000780000000, 0x0000000800000000)
  region size 1024K, 2 young (2048K), 1 survivors (1024K)
 Metaspace       used 22199K, capacity 22997K, committed 23296K, reserved 1069056K
  class space    used 2668K, capacity 3004K, committed 3072K, reserved 1048576K
}
Event: 14.632 GC heap after
{Heap after GC invocations=217 (full 0):
 garbage-first heap   total 273408K, used 239036K [0x0000000780000000, 0x0000000800000000)
  region size 1024K, 1 young (1024K), 1 survivors (1024K)
 Metaspace       used 22199K, capacity 22997K, committed 23296K, reserved 1069056K
  class space    used 2668K, capacity 3004K, committed 3072K, reserved 1048576K
}

