# JRE version: OpenJDK Runtime Environment AdoptOpenJDK (11.0.10+9) (build 11.0.10+9)
# Java VM: OpenJDK 64-Bit Server VM AdoptOpenJDK (11.0.10+9, mixed mode, tiered, compressed oops, g1 gc, bsd-amd64)
Heap:
 garbage-first heap   total 574464K, used 309579K [0x0000000780000000, 0x0000000800000000)
  region size 1024K, 4 young (4096K), 2 survivors (2048K)
 Metaspace       used 28543K, capacity 29702K, committed 29824K, reserved 1075200K
  class space    used 3444K, capacity 3929K, committed 3968K, reserved 1048576K
GC Heap History (20 events):
Event: 23.380 GC heap before
{Heap before GC invocations=101 (full 0):
 garbage-first heap   total 519168K, used 511854K [0x0000000780000000, 0x0000000800000000)
  region size 1024K, 2 young (2048K), 1 survivors (1024K)
 Metaspace       used 28407K, capacity 29510K, committed 29824K, reserved 1075200K
  class space    used 3444K, capacity 3929K, committed 3968K, reserved 1048576K
}
Event: 23.381 GC heap after
{Heap after GC invocations=102 (full 0):
 garbage-first heap   total 519168K, used 511910K [0x0000000780000000, 0x0000000800000000)
  region size 1024K, 1 young (1024K), 1 survivors (1024K)
 Metaspace       used 28407K, capacity 29510K, committed 29824K, reserved 1075200K
  class space    used 3444K, capacity 3929K, committed 3968K, reserved 1048576K
}
Event: 23.425 GC heap before
{Heap before GC invocations=103 (full 0):
 garbage-first heap   total 527360K, used 521126K [0x0000000780000000, 0x0000000800000000)
  region size 1024K, 2 young (2048K), 1 survivors (1024K)
 Metaspace       used 28407K, capacity 29510K, committed 29824K, reserved 1075200K
  class space    used 3444K, capacity 3929K, committed 3968K, reserved 1048576K
}
Event: 23.426 GC heap after
{Heap after GC invocations=104 (full 0):
 garbage-first heap   total 527360K, used 520210K [0x0000000780000000, 0x0000000800000000)
  region size 1024K, 1 young (1024K), 1 survivors (1024K)
 Metaspace       used 28407K, capacity 29510K, committed 29824K, reserved 1075200K
  class space    used 3444K, capacity 3929K, committed 3968K, reserved 1048576K
}
Event: 23.477 GC heap before
{Heap before GC invocations=105 (full 0):
 garbage-first heap   total 535552K, used 529426K [0x0000000780000000, 0x0000000800000000)
  region size 1024K, 2 young (2048K), 1 survivors (1024K)
 Metaspace       used 28407K, capacity 29510K, committed 29824K, reserved 1075200K
  class space    used 3444K, capacity 3929K, committed 3968K, reserved 1048576K
}
Event: 23.479 GC heap after
{Heap after GC invocations=106 (full 0):
 garbage-first heap   total 535552K, used 528364K [0x0000000780000000, 0x0000000800000000)
  region size 1024K, 1 young (1024K), 1 survivors (1024K)
 Metaspace       used 28407K, capacity 29510K, committed 29824K, reserved 1075200K
  class space    used 3444K, capacity 3929K, committed 3968K, reserved 1048576K
}
Event: 23.526 GC heap before
{Heap before GC invocations=107 (full 0):
 garbage-first heap   total 543744K, used 537580K [0x0000000780000000, 0x0000000800000000)
  region size 1024K, 2 young (2048K), 1 survivors (1024K)
 Metaspace       used 28408K, capacity 29510K, committed 29824K, reserved 1075200K
  class space    used 3444K, capacity 3929K, committed 3968K, reserved 1048576K
}
Event: 23.528 GC heap after
{Heap after GC invocations=108 (full 0):
 garbage-first heap   total 543744K, used 536571K [0x0000000780000000, 0x0000000800000000)
  region size 1024K, 1 young (1024K), 1 survivors (1024K)
 Metaspace       used 28408K, capacity 29510K, committed 29824K, reserved 1075200K
  class space    used 3444K, capacity 3929K, committed 3968K, reserved 1048576K
}
Event: 23.574 GC heap before
{Heap before GC invocations=109 (full 0):
 garbage-first heap   total 551936K, used 546811K [0x0000000780000000, 0x0000000800000000)
  region size 1024K, 2 young (2048K), 1 survivors (1024K)
 Metaspace       used 28416K, capacity 29510K, committed 29824K, reserved 1075200K
  class space    used 3444K, capacity 3929K, committed 3968K, reserved 1048576K
}
Event: 23.576 GC heap after
{Heap after GC invocations=110 (full 0):
 garbage-first heap   total 551936K, used 545821K [0x0000000780000000, 0x0000000800000000)
  region size 1024K, 1 young (1024K), 1 survivors (1024K)
 Metaspace       used 28416K, capacity 29510K, committed 29824K, reserved 1075200K
  class space    used 3444K, capacity 3929K, committed 3968K, reserved 1048576K
}
Event: 23.805 GC heap before
{Heap before GC invocations=111 (full 0):
 garbage-first heap   total 556032K, used 555037K [0x0000000780000000, 0x0000000800000000)
  region size 1024K, 6 young (6144K), 1 survivors (1024K)
 Metaspace       used 28507K, capacity 29638K, committed 29824K, reserved 1075200K
  class space    used 3444K, capacity 3929K, committed 3968K, reserved 1048576K
}
Event: 23.808 GC heap after
{Heap after GC invocations=112 (full 0):
 garbage-first heap   total 558080K, used 550042K [0x0000000780000000, 0x0000000800000000)
  region size 1024K, 2 young (2048K), 2 survivors (2048K)
 Metaspace       used 28507K, capacity 29638K, committed 29824K, reserved 1075200K
  class space    used 3444K, capacity 3929K, committed 3968K, reserved 1048576K
}
Event: 23.825 GC heap before
{Heap before GC invocations=112 (full 0):
 garbage-first heap   total 558080K, used 551066K [0x0000000780000000, 0x0000000800000000)
  region size 1024K, 4 young (4096K), 2 survivors (2048K)
 Metaspace       used 28515K, capacity 29638K, committed 29824K, reserved 1075200K
  class space    used 3444K, capacity 3929K, committed 3968K, reserved 1048576K
}
Event: 23.826 GC heap after
{Heap after GC invocations=113 (full 0):
 garbage-first heap   total 558080K, used 550231K [0x0000000780000000, 0x0000000800000000)
  region size 1024K, 2 young (2048K), 2 survivors (2048K)
 Metaspace       used 28515K, capacity 29638K, committed 29824K, reserved 1075200K
  class space    used 3444K, capacity 3929K, committed 3968K, reserved 1048576K
}
Event: 24.086 GC heap before
{Heap before GC invocations=114 (full 0):
 garbage-first heap   total 574464K, used 260439K [0x0000000780000000, 0x0000000800000000)
  region size 1024K, 4 young (4096K), 2 survivors (2048K)
 Metaspace       used 28519K, capacity 29638K, committed 29824K, reserved 1075200K
  class space    used 3444K, capacity 3929K, committed 3968K, reserved 1048576K
}
Event: 24.089 GC heap after
{Heap after GC invocations=115 (full 0):
 garbage-first heap   total 574464K, used 255348K [0x0000000780000000, 0x0000000800000000)
  region size 1024K, 2 young (2048K), 2 survivors (2048K)
 Metaspace       used 28519K, capacity 29638K, committed 29824K, reserved 1075200K
  class space    used 3444K, capacity 3929K, committed 3968K, reserved 1048576K
}
Event: 24.163 GC heap before
{Heap before GC invocations=116 (full 0):
 garbage-first heap   total 574464K, used 276852K [0x0000000780000000, 0x0000000800000000)
  region size 1024K, 4 young (4096K), 2 survivors (2048K)
 Metaspace       used 28535K, capacity 29702K, committed 29824K, reserved 1075200K
  class space    used 3444K, capacity 3929K, committed 3968K, reserved 1048576K
}
Event: 24.165 GC heap after
{Heap after GC invocations=117 (full 0):
 garbage-first heap   total 574464K, used 271731K [0x0000000780000000, 0x0000000800000000)
  region size 1024K, 2 young (2048K), 2 survivors (2048K)
 Metaspace       used 28535K, capacity 29702K, committed 29824K, reserved 1075200K
  class space    used 3444K, capacity 3929K, committed 3968K, reserved 1048576K
}
Event: 24.268 GC heap before
{Heap before GC invocations=118 (full 0):
 garbage-first heap   total 574464K, used 293235K [0x0000000780000000, 0x0000000800000000)
  region size 1024K, 4 young (4096K), 2 survivors (2048K)
 Metaspace       used 28538K, capacity 29702K, committed 29824K, reserved 1075200K
  class space    used 3444K, capacity 3929K, committed 3968K, reserved 1048576K
}
Event: 24.270 GC heap after
{Heap after GC invocations=119 (full 0):
 garbage-first heap   total 574464K, used 288075K [0x0000000780000000, 0x0000000800000000)
  region size 1024K, 2 young (2048K), 2 survivors (2048K)
 Metaspace       used 28538K, capacity 29702K, committed 29824K, reserved 1075200K
  class space    used 3444K, capacity 3929K, committed 3968K, reserved 1048576K
}

